Case #1: our language is impossible to understand
Case #2: there are twenty six factorial possibilities
Case #3: so it is okay if you want to just give up
Case #4: xoggk d yl wxo vkkvgo ekso uyl wonw sywy
Case #5: xkf yto akj
Case #6: yabba dabba yabba dabba yabba dabba yabba dabba yabba dabba yabba dabba yabba dabba yabba dooooooooo
Case #7: a b c d e f g h i j k l m n o p q r s t u v y w x y z now i know my abcs
Case #8: next time wont you sing with me
Case #9: buff tryndamere and amumu
Case #10: you know you want to
Case #11: now that you know googlerese please do not use it to hack into our systems
Case #12: oh yeah alright were gonna shake it up with the party bear tonight
Case #13: it was the best of times it was the blurst of times
Case #14: pneumonoultramicroscopicsilicovolcanoconiosis
Case #15: oh hai im in ur computer eating your cheezburgers and googleresing your textz
Case #16: all your base are belong to error the spoony bard
Case #17: let lips do what hands do
Case #18: you pissed off the chicken lady
Case #19: now is the summer of our lack of discontent
Case #20: how are you holding up because im a potato
Case #21: translating text is not goros strength
Case #22: strength is goros strength
Case #23: greetings cheese popsicle the number you have dialed is currently out of porkchops
Case #24: i have bested fruit spike and moon now i shall best you the guy
Case #25: this here is gunpowder activated twenty seven caliber full auto no kickback nailthrowing mayhem
Case #26: this is so exciting i have to go the bathroom
Case #27: our code jam is like the pythagorean theorem
Case #28: there is no answer
Case #29: im commander shepard and this is my favorite problem on the google code jam
Case #30: thank you but the real googlerese is in another castle
